<configuration>
  <!-- ParserApplication -->

  <property>
    <name>dt.application.ParserApplication.operator.datagenerator.tuplesBlast</name>
    <value>10</value>
  </property>
  
  <property>
    <name>dt.application.ParserApplication.operator.datagenerator.maxCountOfWindows</name>
    <value>1</value>
  </property>
 
  <property>
    <name>dt.application.ParserApplication.module.delimitedParser.schemaPath</name>
    <value>src/test/resources/schema.json</value>
  </property>

  <property>
    <name>dt.application.ParserApplication.module.delimitedParser.pojoSchema</name>
    <value>com.datatorrent.modules.delimitedparser.Ad</value>
  </property>
  
</configuration>
